<?xml version="1.0" encoding="UTF-8"?>
<!-- Generated by org.testng.reporters.JUnitReportReporter -->
<testsuite skipped="0" hostname="SINDIYA-DIPIN" name="testng.practice.GroupsOfGroups" tests="3" failures="0" timestamp="2020-07-05T11:24:26 IST" time="0.012" errors="0">
  <testcase name="tablet2" time="0.000" classname="testng.practice.GroupsOfGroups"/>
  <system-out/>
  <testcase name="phone2" time="0.001" classname="testng.practice.GroupsOfGroups"/>
  <system-out/>
  <testcase name="laptop2" time="0.011" classname="testng.practice.GroupsOfGroups"/>
  <system-out/>
</testsuite> <!-- testng.practice.GroupsOfGroups -->
