<?xml version="1.0" encoding="UTF-8"?>
<!-- Generated by org.testng.reporters.JUnitReportReporter -->
<testsuite skipped="0" hostname="SINDIYA-DIPIN" name="testng.practice.TestThatReturnAValue" tests="1" failures="0" timestamp="2020-07-05T10:56:01 IST" time="0.002" errors="0">
  <testcase name="returnsNothing" time="0.002" classname="testng.practice.TestThatReturnAValue"/>
  <system-out/>
</testsuite> <!-- testng.practice.TestThatReturnAValue -->
