<?xml version="1.0" encoding="UTF-8"?>
<!-- Generated by org.testng.reporters.JUnitReportReporter -->
<testsuite skipped="0" hostname="SINDIYA-DIPIN" name="testng.practice.TestThatReturnsSomething" tests="1" failures="0" timestamp="2020-07-05T07:14:43 IST" time="0.008" errors="0">
  <testcase name="returnsNothing" time="0.008" classname="testng.practice.TestThatReturnsSomething"/>
  <system-out/>
</testsuite> <!-- testng.practice.TestThatReturnsSomething -->
