<?xml version="1.0" encoding="UTF-8"?>
<!-- Generated by org.testng.reporters.JUnitReportReporter -->
<testsuite skipped="0" hostname="SINDIYA-DIPIN" name="testng.files.FirstTestNGClass" tests="3" failures="0" timestamp="2020-07-04T11:48:41 IST" time="0.011" errors="0">
  <testcase name="test2" time="0.003" classname="testng.files.FirstTestNGClass"/>
  <system-out/>
  <testcase name="test3" time="0.002" classname="testng.files.FirstTestNGClass"/>
  <system-out/>
  <testcase name="test1" time="0.006" classname="testng.files.FirstTestNGClass"/>
  <system-out/>
</testsuite> <!-- testng.files.FirstTestNGClass -->
