<?xml version="1.0" encoding="UTF-8"?>
<!-- Generated by org.testng.reporters.JUnitReportReporter -->
<testsuite skipped="0" hostname="SINDIYA-DIPIN" name="testng.files.Annotations" tests="3" failures="0" timestamp="2020-11-10T08:50:17 IST" time="0.026" errors="0">
  <testcase name="test2" time="0.007" classname="testng.files.Annotations"/>
  <system-out/>
  <testcase name="test3" time="0.007" classname="testng.files.Annotations"/>
  <system-out/>
  <testcase name="test1" time="0.012" classname="testng.files.Annotations"/>
  <system-out/>
</testsuite> <!-- testng.files.Annotations -->
