<?xml version="1.0" encoding="UTF-8"?>
<!-- Generated by org.testng.reporters.JUnitReportReporter -->
<testsuite skipped="0" hostname="SINDIYA-DIPIN" name="testng.practice.Groups" tests="3" failures="0" timestamp="2020-07-05T11:19:25 IST" time="0.012" errors="0">
  <testcase name="child1" time="0.008" classname="testng.practice.Groups"/>
  <system-out/>
  <testcase name="child3" time="0.002" classname="testng.practice.Groups"/>
  <system-out/>
  <testcase name="child2" time="0.002" classname="testng.practice.Groups"/>
  <system-out/>
</testsuite> <!-- testng.practice.Groups -->
