<?xml version="1.0" encoding="UTF-8"?>
<!-- Generated by org.testng.reporters.JUnitReportReporter -->
<testsuite skipped="0" hostname="SINDIYA-DIPIN" name="testng.practice.IncludeAndExclude" tests="3" failures="0" timestamp="2020-07-05T10:56:01 IST" time="0.015" errors="0">
  <testcase name="method1" time="0.002" classname="testng.practice.IncludeAndExclude"/>
  <system-out/>
  <testcase name="exclude" time="0.011" classname="testng.practice.IncludeAndExclude"/>
  <system-out/>
  <testcase name="include" time="0.002" classname="testng.practice.IncludeAndExclude"/>
  <system-out/>
</testsuite> <!-- testng.practice.IncludeAndExclude -->
