<?xml version="1.0" encoding="UTF-8"?>
<!-- Generated by org.testng.reporters.JUnitReportReporter -->
<testsuite skipped="0" hostname="SINDIYA-DIPIN" name="testng.practice.ParametrizationXML" tests="1" failures="0" timestamp="2020-07-05T11:38:44 IST" time="0.010" errors="0">
  <testcase name="employee" time="0.010" classname="testng.practice.ParametrizationXML"/>
  <system-out/>
</testsuite> <!-- testng.practice.ParametrizationXML -->
