<?xml version="1.0" encoding="UTF-8"?>
<!-- Generated by org.testng.reporters.JUnitReportReporter -->
<testsuite skipped="0" hostname="SINDIYA-DIPIN" name="testng.files.GroupTests" tests="10" failures="0" timestamp="2020-07-04T15:26:20 IST" time="0.010" errors="0">
  <testcase name="aFastTest" time="0.001" classname="testng.files.GroupTests"/>
  <system-out/>
  <testcase name="testsuffix" time="0.001" classname="testng.files.GroupTests"/>
  <system-out/>
  <testcase name="testMethod3" time="0.000" classname="testng.files.GroupTests"/>
  <system-out/>
  <testcase name="aSlowTest" time="0.001" classname="testng.files.GroupTests"/>
  <system-out/>
  <testcase name="testMethod1" time="0.001" classname="testng.files.GroupTests"/>
  <system-out/>
  <testcase name="testLinuxOnly" time="0.001" classname="testng.files.GroupTests"/>
  <system-out/>
  <testcase name="testprefix" time="0.001" classname="testng.files.GroupTests"/>
  <system-out/>
  <testcase name="testWindowsOnly" time="0.001" classname="testng.files.GroupTests"/>
  <system-out/>
  <testcase name="testWindowsToo" time="0.001" classname="testng.files.GroupTests"/>
  <system-out/>
  <testcase name="testMethod2" time="0.002" classname="testng.files.GroupTests"/>
  <system-out/>
</testsuite> <!-- testng.files.GroupTests -->
