<?xml version="1.0" encoding="UTF-8"?>
<!-- Generated by org.testng.reporters.JUnitReportReporter -->
<testsuite skipped="0" hostname="SINDIYA-DIPIN" name="testng.practice.ParameterizationDataProvider" tests="9" failures="0" timestamp="2020-07-05T11:47:15 IST" time="0.019" errors="0">
  <testcase name="getSingerInfo" time="0.002" classname="testng.practice.ParameterizationDataProvider"/>
  <system-out/>
  <testcase name="getSingerInfo" time="0.002" classname="testng.practice.ParameterizationDataProvider"/>
  <system-out/>
  <testcase name="getSingerInfo" time="0.007" classname="testng.practice.ParameterizationDataProvider"/>
  <system-out/>
  <testcase name="getSingerInfo" time="0.001" classname="testng.practice.ParameterizationDataProvider"/>
  <system-out/>
  <testcase name="getSingerInfo" time="0.001" classname="testng.practice.ParameterizationDataProvider"/>
  <system-out/>
  <testcase name="getSingerInfo" time="0.002" classname="testng.practice.ParameterizationDataProvider"/>
  <system-out/>
  <testcase name="getSingerInfo" time="0.001" classname="testng.practice.ParameterizationDataProvider"/>
  <system-out/>
  <testcase name="getSingerInfo" time="0.002" classname="testng.practice.ParameterizationDataProvider"/>
  <system-out/>
  <testcase name="getSingerInfo" time="0.001" classname="testng.practice.ParameterizationDataProvider"/>
  <system-out/>
</testsuite> <!-- testng.practice.ParameterizationDataProvider -->
