<?xml version="1.0" encoding="UTF-8"?>
<!-- Generated by org.testng.reporters.JUnitReportReporter -->
<testsuite skipped="0" hostname="SINDIYA-DIPIN" name="testng.practice.PartialGroups" tests="2" failures="0" timestamp="2020-07-05T11:33:47 IST" time="0.012" errors="0">
  <testcase name="tester1" time="0.009" classname="testng.practice.PartialGroups"/>
  <system-out/>
  <testcase name="tester2" time="0.003" classname="testng.practice.PartialGroups"/>
  <system-out/>
</testsuite> <!-- testng.practice.PartialGroups -->
