<?xml version="1.0" encoding="UTF-8"?>
<!-- Generated by org.testng.reporters.JUnitReportReporter -->
<testsuite skipped="0" hostname="SINDIYA-DIPIN" name="testng.files.DataProviderTest" tests="9" failures="0" timestamp="2020-11-10T11:14:21 IST" time="0.024" errors="0">
  <testcase name="verifyData1" time="0.002" classname="testng.files.DataProviderTest"/>
  <system-out/>
  <testcase name="testDataProvider1" time="0.002" classname="testng.files.DataProviderTest"/>
  <system-out/>
  <testcase name="testDataProvider2" time="0.004" classname="testng.files.DataProviderTest"/>
  <system-out/>
  <testcase name="methodWithSingleAttribute" time="0.007" classname="testng.files.DataProviderTest"/>
  <system-out/>
  <testcase name="methodWithSingleAttribute" time="0.001" classname="testng.files.DataProviderTest"/>
  <system-out/>
  <testcase name="testDataProvider2" time="0.003" classname="testng.files.DataProviderTest"/>
  <system-out/>
  <testcase name="methodWithSingleAttribute" time="0.001" classname="testng.files.DataProviderTest"/>
  <system-out/>
  <testcase name="testDataProvider1" time="0.002" classname="testng.files.DataProviderTest"/>
  <system-out/>
  <testcase name="verifyData1" time="0.002" classname="testng.files.DataProviderTest"/>
  <system-out/>
</testsuite> <!-- testng.files.DataProviderTest -->
