<?xml version="1.0" encoding="UTF-8"?>
<!-- Generated by org.testng.reporters.JUnitReportReporter -->
<testsuite skipped="0" hostname="SINDIYA-DIPIN" name="testng.files.SimpleTest" tests="2" failures="0" timestamp="2020-07-04T12:17:11 IST" time="0.010" errors="0">
  <testcase name="testWindowsOnly" time="0.009" classname="testng.files.SimpleTest"/>
  <system-out/>
  <testcase name="testWindowsToo" time="0.001" classname="testng.files.SimpleTest"/>
  <system-out/>
</testsuite> <!-- testng.files.SimpleTest -->
