<?xml version="1.0" encoding="UTF-8"?>
<!-- Generated by org.testng.reporters.JUnitReportReporter -->
<testsuite skipped="0" hostname="SINDIYA-DIPIN" name="testng.files.TestThatReturn" tests="2" failures="0" timestamp="2020-07-05T08:06:48 IST" time="0.008" errors="0">
  <testcase name="voidMethod" time="0.000" classname="testng.files.TestThatReturn"/>
  <system-out/>
  <testcase name="returnString" time="0.008" classname="testng.files.TestThatReturn"/>
  <system-out/>
</testsuite> <!-- testng.files.TestThatReturn -->
