<?xml version="1.0" encoding="UTF-8"?>
<!-- Generated by org.testng.reporters.JUnitReportReporter -->
<testsuite skipped="0" hostname="SINDIYA-DIPIN" name="testng.files.TestThatReturnValue" tests="1" failures="0" timestamp="2020-07-05T07:21:00 IST" time="0.009" errors="0">
  <testcase name="method" time="0.009" classname="testng.files.TestThatReturnValue"/>
  <system-out/>
</testsuite> <!-- testng.files.TestThatReturnValue -->
