<?xml version="1.0" encoding="UTF-8"?>
<!-- Generated by org.testng.reporters.JUnitReportReporter -->
<testsuite skipped="0" hostname="SINDIYA-DIPIN" name="testng.practice.IgnoreTests" tests="3" failures="0" timestamp="2020-07-05T12:14:34 IST" time="0.010" errors="0">
  <testcase name="child3" time="0.001" classname="testng.practice.IgnoreTests"/>
  <system-out/>
  <testcase name="child2" time="0.001" classname="testng.practice.IgnoreTests"/>
  <system-out/>
  <testcase name="child1" time="0.008" classname="testng.practice.IgnoreTests"/>
  <system-out/>
</testsuite> <!-- testng.practice.IgnoreTests -->
