<?xml version="1.0" encoding="UTF-8"?>
<!-- Generated by org.testng.reporters.JUnitReportReporter -->
<testsuite skipped="0" hostname="SINDIYA-DIPIN" name="testng.practice.RunMethodsByWildcard" tests="5" failures="0" timestamp="2020-07-05T10:56:01 IST" time="0.008" errors="0">
  <testcase name="earth" time="0.001" classname="testng.practice.RunMethodsByWildcard"/>
  <system-out/>
  <testcase name="Moon_start" time="0.001" classname="testng.practice.RunMethodsByWildcard"/>
  <system-out/>
  <testcase name="Sun_start" time="0.002" classname="testng.practice.RunMethodsByWildcard"/>
  <system-out/>
  <testcase name="Moon_end" time="0.001" classname="testng.practice.RunMethodsByWildcard"/>
  <system-out/>
  <testcase name="Sun_end" time="0.003" classname="testng.practice.RunMethodsByWildcard"/>
  <system-out/>
</testsuite> <!-- testng.practice.RunMethodsByWildcard -->
